<?xml version="1.0" encoding="UTF-8"?>
<!-- Generated by org.testng.reporters.JUnitReportReporter -->
<testsuite hostname="DESKTOP-45D2DID" failures="0" tests="1" name="secondSolution.RecentlyPlayedStoreTest" time="0.011" errors="0" timestamp="2023-05-10T20:15:29 IST" skipped="0">
  <testcase classname="secondSolution.RecentlyPlayedStoreTest" name="test" time="0.011"/>
  <system-out/>
</testsuite> <!-- secondSolution.RecentlyPlayedStoreTest -->
